c:\users\michal\documents\test_for_new_project\template-project-2\szablon2vs19\x64\debug\vc143.pdb
c:\users\michal\documents\test_for_new_project\template-project-2\szablon2vs19\x64\debug\vc143.idb
c:\users\michal\documents\test_for_new_project\template-project-2\szablon2vs19\x64\debug\main.obj
c:\users\michal\documents\test_for_new_project\template-project-2\szablon2vs19\x64\debug\platform.obj
c:\users\michal\documents\test_for_new_project\template-project-2\szablon2vs19\x64\debug\screenmanager.obj
c:\users\michal\documents\test_for_new_project\template-project-2\szablon2vs19\x64\debug\gameobject.obj
c:\users\michal\documents\test_for_new_project\template-project-2\szablon2vs19\x64\debug\player.obj
c:\users\michal\documents\test_for_new_project\template-project-2\szablon2vs19\x64\debug\physicsmanager.obj
c:\users\michal\documents\test_for_new_project\template-project-2\szablon2vs19\x64\debug\barrel.obj
c:\users\michal\documents\test_for_new_project\template-project-2\szablon2vs19\x64\debug\game.obj
c:\users\michal\documents\test_for_new_project\template-project-2\szablon2vs19\x64\debug\collisionresolver.obj
c:\users\michal\documents\test_for_new_project\template-project-2\szablon2vs19\x64\debug\collisiondetector.obj
c:\users\michal\documents\test_for_new_project\template-project-2\szablon2vs19\x64\debug\barrelfactory.obj
c:\users\michal\documents\test_for_new_project\template-project-2\szablon2vs19\x64\debug\movablegameobject.obj
c:\users\michal\documents\test_for_new_project\template-project-2\szablon2vs19\x64\debug\levelloader.obj
c:\users\michal\documents\test_for_new_project\template-project-2\szablon2vs19\x64\debug\gameobjectmanager.obj
c:\users\michal\documents\test_for_new_project\template-project-2\szablon2vs19\x64\debug\gorilla.obj
c:\users\michal\documents\test_for_new_project\template-project-2\szablon2vs19\x64\debug\platformcontainer.obj
c:\users\michal\documents\test_for_new_project\template-project-2\szablon2vs19\x64\debug\laddercontainer.obj
c:\users\michal\documents\test_for_new_project\template-project-2\szablon2vs19\x64\debug\animationmanager.obj
c:\users\michal\documents\test_for_new_project\template-project-2\szablon2vs19\x64\debug\main.i
c:\users\michal\documents\test_for_new_project\template-project-2\szablon2vs19\x64\debug\game.i
c:\users\michal\documents\test_for_new_project\template-project-2\animationmanager.i
c:\users\michal\documents\test_for_new_project\template-project-2\barrelfactory.i
c:\users\michal\documents\test_for_new_project\template-project-2\barrelholder.i
c:\users\michal\documents\test_for_new_project\template-project-2\collisiondetector.i
c:\users\michal\documents\test_for_new_project\template-project-2\collisionresolver.i
c:\users\michal\documents\test_for_new_project\template-project-2\gameobjectmanager.i
c:\users\michal\documents\test_for_new_project\template-project-2\gorilla.i
c:\users\michal\documents\test_for_new_project\template-project-2\levelloader.i
c:\users\michal\documents\test_for_new_project\template-project-2\keyboardmanager.i
c:\users\michal\documents\test_for_new_project\template-project-2\movablegameobject.i
c:\users\michal\documents\test_for_new_project\template-project-2\barrel.i
c:\users\michal\documents\test_for_new_project\template-project-2\physicsmanager.i
c:\users\michal\documents\test_for_new_project\template-project-2\player.i
c:\users\michal\documents\test_for_new_project\template-project-2\gameobject.i
c:\users\michal\documents\test_for_new_project\template-project-2\screenmanager.i
c:\users\michal\documents\test_for_new_project\template-project-2\laddercontainer.i
c:\users\michal\documents\test_for_new_project\template-project-2\platform.i
c:\users\michal\documents\test_for_new_project\template-project-2\platformcontainer.i
c:\users\michal\documents\test_for_new_project\template-project-2\szablon2vs19\x64\debug\gametime.obj
c:\users\michal\documents\test_for_new_project\template-project-2\szablon2vs19\x64\debug\barrelcontainer.obj
c:\users\michal\documents\test_for_new_project\template-project-2\szablon2vs19\x64\debug\pressedkeyactionhandler.obj
c:\users\michal\documents\test_for_new_project\template-project-2\szablon2vs19\x64\debug\pressedkeycollector.obj
c:\users\michal\documents\test_for_new_project\template-project-2\szablon2vs19\x64\debug\keyactionhandler.obj
c:\users\michal\documents\test_for_new_project\template-project-2\szablon2vs19\x64\debug\keycollector.obj
c:\users\michal\documents\test_for_new_project\template-project-2\szablon2vs19\x64\debug\menu.obj
c:\users\michal\documents\test_for_new_project\template-project-2\szablon2vs19\x64\debug\menumanager.obj
c:\users\michal\documents\test_for_new_project\template-project-2\x64\debug\szablon2vs19.exe
c:\users\michal\documents\test_for_new_project\template-project-2\x64\debug\szablon2vs19.pdb
c:\users\michal\documents\test_for_new_project\template-project-2\szablon2vs19\x64\debug\szablon2vs19.ilk
c:\users\michal\documents\test_for_new_project\template-project-2\szablon2vs19\x64\debug\barreldispenser.obj
c:\users\michal\documents\test_for_new_project\template-project-2\szablon2vs19\x64\debug\barrelholder.obj
c:\users\michal\documents\test_for_new_project\template-project-2\szablon2vs19\x64\debug\dynamicgameobject.obj
c:\users\michal\documents\test_for_new_project\template-project-2\szablon2vs19\x64\debug\eventmanager.obj
c:\users\michal\documents\test_for_new_project\template-project-2\szablon2vs19\x64\debug\filemanager.obj
c:\users\michal\documents\test_for_new_project\template-project-2\szablon2vs19\x64\debug\gameobjectfactory.obj
c:\users\michal\documents\test_for_new_project\template-project-2\szablon2vs19\x64\debug\keyboardinputmanager.obj
c:\users\michal\documents\test_for_new_project\template-project-2\szablon2vs19\x64\debug\keyboardmanager.obj
c:\users\michal\documents\test_for_new_project\template-project-2\szablon2vs19\x64\debug\ladder.obj
c:\users\michal\documents\test_for_new_project\template-project-2\szablon2vs19\x64\debug\ladderfactory.obj
c:\users\michal\documents\test_for_new_project\template-project-2\szablon2vs19\x64\debug\ladderholder.obj
c:\users\michal\documents\test_for_new_project\template-project-2\szablon2vs19\x64\debug\platformfactory.obj
c:\users\michal\documents\test_for_new_project\template-project-2\szablon2vs19\x64\debug\platformholder.obj
c:\users\michal\documents\test_for_new_project\template-project-2\szablon2vs19\x64\debug\pressedkeycodecollector.obj
c:\users\michal\documents\test_for_new_project\template-project-2\szablon2vs19\x64\debug\roundmanager.obj
c:\users\michal\documents\test_for_new_project\template-project-2\szablon2vs19\x64\debug\stagemanager.obj
c:\users\michal\documents\test_for_new_project\template-project-2\szablon2vs19\x64\debug\animationmanager.obj.enc
c:\users\michal\documents\test_for_new_project\template-project-2\szablon2vs19\x64\debug\barrelholder.obj.enc
c:\users\michal\documents\test_for_new_project\template-project-2\szablon2vs19\x64\debug\dynamicgameobject.obj.enc
c:\users\michal\documents\test_for_new_project\template-project-2\szablon2vs19\x64\debug\game.obj.enc
c:\users\michal\documents\test_for_new_project\template-project-2\szablon2vs19\x64\debug\keyactionhandler.obj.enc
c:\users\michal\documents\test_for_new_project\template-project-2\szablon2vs19\x64\debug\keyboardmanager.obj.enc
c:\users\michal\documents\test_for_new_project\template-project-2\szablon2vs19\x64\debug\main.obj.enc
c:\users\michal\documents\test_for_new_project\template-project-2\szablon2vs19\x64\debug\movablegameobject.obj.enc
c:\users\michal\documents\test_for_new_project\template-project-2\szablon2vs19\x64\debug\physicsmanager.obj.enc
c:\users\michal\documents\test_for_new_project\template-project-2\szablon2vs19\x64\debug\player.obj.enc
c:\users\michal\documents\test_for_new_project\template-project-2\szablon2vs19\x64\debug\roundmanager.obj.enc
c:\users\michal\documents\test_for_new_project\template-project-2\szablon2vs19\x64\debug\screenmanager.obj.enc
c:\users\michal\documents\test_for_new_project\template-project-2\szablon2vs19\x64\debug\stagemanager.obj.enc
c:\users\michal\documents\test_for_new_project\template-project-2\szablon2vs19\x64\debug\szablon2vs19.tlog\cl.command.1.tlog
c:\users\michal\documents\test_for_new_project\template-project-2\szablon2vs19\x64\debug\szablon2vs19.tlog\cl.items.tlog
c:\users\michal\documents\test_for_new_project\template-project-2\szablon2vs19\x64\debug\szablon2vs19.tlog\cl.read.1.tlog
c:\users\michal\documents\test_for_new_project\template-project-2\szablon2vs19\x64\debug\szablon2vs19.tlog\cl.write.1.tlog
c:\users\michal\documents\test_for_new_project\template-project-2\szablon2vs19\x64\debug\szablon2vs19.tlog\link.command.1.tlog
c:\users\michal\documents\test_for_new_project\template-project-2\szablon2vs19\x64\debug\szablon2vs19.tlog\link.read.1.tlog
c:\users\michal\documents\test_for_new_project\template-project-2\szablon2vs19\x64\debug\szablon2vs19.tlog\link.secondary.1.tlog
c:\users\michal\documents\test_for_new_project\template-project-2\szablon2vs19\x64\debug\szablon2vs19.tlog\link.write.1.tlog
